{"/Users/olivergranda/Desktop/prueba-tecnica/src/app.ts": {"path":"/Users/olivergranda/Desktop/prueba-tecnica/src/app.ts","statementMap":{"0":{"start":{"line":26,"column":20},"end":{"line":26,"column":43}},"1":{"start":{"line":27,"column":18},"end":{"line":27,"column":39}},"2":{"start":{"line":28,"column":25},"end":{"line":28,"column":53}},"3":{"start":{"line":31,"column":18},"end":{"line":31,"column":61}},"4":{"start":{"line":33,"column":0},"end":{"line":33,"column":52}},"5":{"start":{"line":36,"column":30},"end":{"line":36,"column":84}},"6":{"start":{"line":37,"column":27},"end":{"line":37,"column":73}},"7":{"start":{"line":38,"column":27},"end":{"line":38,"column":62}},"8":{"start":{"line":41,"column":23},"end":{"line":41,"column":64}},"9":{"start":{"line":42,"column":26},"end":{"line":42,"column":67}},"10":{"start":{"line":43,"column":24},"end":{"line":43,"column":63}},"11":{"start":{"line":46,"column":12},"end":{"line":46,"column":21}},"12":{"start":{"line":49,"column":0},"end":{"line":49,"column":16}},"13":{"start":{"line":50,"column":0},"end":{"line":50,"column":24}},"14":{"start":{"line":53,"column":15},"end":{"line":53,"column":79}},"15":{"start":{"line":54,"column":0},"end":{"line":54,"column":24}},"16":{"start":{"line":58,"column":0},"end":{"line":58,"column":22}},"17":{"start":{"line":61,"column":13},"end":{"line":61,"column":24}},"18":{"start":{"line":62,"column":0},"end":{"line":66,"column":3}},"19":{"start":{"line":63,"column":4},"end":{"line":63,"column":65}},"20":{"start":{"line":64,"column":4},"end":{"line":64,"column":68}},"21":{"start":{"line":65,"column":4},"end":{"line":65,"column":84}}},"fnMap":{"0":{"name":"(anonymous_0)","decl":{"start":{"line":62,"column":17},"end":{"line":62,"column":20}},"loc":{"start":{"line":62,"column":22},"end":{"line":66,"column":1}}}},"branchMap":{},"s":{"0":0,"1":0,"2":0,"3":0,"4":0,"5":0,"6":0,"7":0,"8":0,"9":0,"10":0,"11":0,"12":0,"13":0,"14":0,"15":0,"16":0,"17":0,"18":0,"19":0,"20":0,"21":0},"f":{"0":0},"b":{}}
,"/Users/olivergranda/Desktop/prueba-tecnica/src/application/use-cases/CreateOrderUseCase.ts": {"path":"/Users/olivergranda/Desktop/prueba-tecnica/src/application/use-cases/CreateOrderUseCase.ts","statementMap":{"0":{"start":{"line":7,"column":16},"end":{"line":7,"column":43}},"1":{"start":{"line":8,"column":16},"end":{"line":8,"column":47}},"2":{"start":{"line":13,"column":8},"end":{"line":25,"column":9}},"3":{"start":{"line":14,"column":28},"end":{"line":14,"column":75}},"4":{"start":{"line":16,"column":12},"end":{"line":18,"column":13}},"5":{"start":{"line":17,"column":16},"end":{"line":17,"column":83}},"6":{"start":{"line":20,"column":12},"end":{"line":24,"column":13}},"7":{"start":{"line":21,"column":16},"end":{"line":23,"column":18}},"8":{"start":{"line":28,"column":22},"end":{"line":28,"column":60}},"9":{"start":{"line":30,"column":8},"end":{"line":30,"column":21}}},"fnMap":{"0":{"name":"(anonymous_0)","decl":{"start":{"line":6,"column":4},"end":{"line":6,"column":null}},"loc":{"start":{"line":8,"column":47},"end":{"line":9,"column":9}}},"1":{"name":"(anonymous_1)","decl":{"start":{"line":11,"column":4},"end":{"line":11,"column":9}},"loc":{"start":{"line":11,"column":43},"end":{"line":31,"column":5}}}},"branchMap":{"0":{"loc":{"start":{"line":16,"column":12},"end":{"line":18,"column":13}},"type":"if","locations":[{"start":{"line":16,"column":12},"end":{"line":18,"column":13}},{"start":{},"end":{}}]},"1":{"loc":{"start":{"line":20,"column":12},"end":{"line":24,"column":13}},"type":"if","locations":[{"start":{"line":20,"column":12},"end":{"line":24,"column":13}},{"start":{},"end":{}}]}},"s":{"0":5,"1":5,"2":5,"3":7,"4":7,"5":1,"6":6,"7":2,"8":2,"9":2},"f":{"0":5,"1":5},"b":{"0":[1,6],"1":[2,4]}}
,"/Users/olivergranda/Desktop/prueba-tecnica/src/application/use-cases/GetProductsUseCase.ts": {"path":"/Users/olivergranda/Desktop/prueba-tecnica/src/application/use-cases/GetProductsUseCase.ts","statementMap":{"0":{"start":{"line":5,"column":24},"end":{"line":5,"column":55}},"1":{"start":{"line":8,"column":8},"end":{"line":8,"column":48}},"2":{"start":{"line":12,"column":8},"end":{"line":12,"column":51}},"3":{"start":{"line":16,"column":8},"end":{"line":16,"column":55}}},"fnMap":{"0":{"name":"(anonymous_0)","decl":{"start":{"line":5,"column":4},"end":{"line":5,"column":24}},"loc":{"start":{"line":5,"column":55},"end":{"line":5,"column":60}}},"1":{"name":"(anonymous_1)","decl":{"start":{"line":7,"column":4},"end":{"line":7,"column":9}},"loc":{"start":{"line":7,"column":17},"end":{"line":9,"column":5}}},"2":{"name":"(anonymous_2)","decl":{"start":{"line":11,"column":4},"end":{"line":11,"column":9}},"loc":{"start":{"line":11,"column":32},"end":{"line":13,"column":5}}},"3":{"name":"(anonymous_3)","decl":{"start":{"line":15,"column":4},"end":{"line":15,"column":9}},"loc":{"start":{"line":15,"column":36},"end":{"line":17,"column":5}}}},"branchMap":{},"s":{"0":5,"1":1,"2":2,"3":2},"f":{"0":5,"1":1,"2":2,"3":2},"b":{}}
,"/Users/olivergranda/Desktop/prueba-tecnica/src/application/use-cases/ProcessMessageUseCase.ts": {"path":"/Users/olivergranda/Desktop/prueba-tecnica/src/application/use-cases/ProcessMessageUseCase.ts","statementMap":{"0":{"start":{"line":6,"column":16},"end":{"line":6,"column":37}},"1":{"start":{"line":7,"column":16},"end":{"line":7,"column":57}},"2":{"start":{"line":12,"column":8},"end":{"line":12,"column":80}},"3":{"start":{"line":14,"column":24},"end":{"line":14,"column":73}},"4":{"start":{"line":16,"column":27},"end":{"line":16,"column":86}},"5":{"start":{"line":18,"column":8},"end":{"line":18,"column":84}},"6":{"start":{"line":20,"column":8},"end":{"line":20,"column":26}}},"fnMap":{"0":{"name":"(anonymous_0)","decl":{"start":{"line":5,"column":4},"end":{"line":5,"column":null}},"loc":{"start":{"line":7,"column":57},"end":{"line":8,"column":9}}},"1":{"name":"(anonymous_1)","decl":{"start":{"line":10,"column":4},"end":{"line":10,"column":9}},"loc":{"start":{"line":10,"column":56},"end":{"line":21,"column":5}}}},"branchMap":{},"s":{"0":7,"1":7,"2":7,"3":7,"4":7,"5":6,"6":6},"f":{"0":7,"1":7},"b":{}}
,"/Users/olivergranda/Desktop/prueba-tecnica/src/config/env.ts": {"path":"/Users/olivergranda/Desktop/prueba-tecnica/src/config/env.ts","statementMap":{"0":{"start":{"line":3,"column":0},"end":{"line":3,"column":16}},"1":{"start":{"line":5,"column":22},"end":{"line":9,"column":2}},"2":{"start":{"line":11,"column":0},"end":{"line":13,"column":1}},"3":{"start":{"line":12,"column":4},"end":{"line":12,"column":72}}},"fnMap":{},"branchMap":{"0":{"loc":{"start":{"line":6,"column":10},"end":{"line":6,"column":34}},"type":"binary-expr","locations":[{"start":{"line":6,"column":10},"end":{"line":6,"column":26}},{"start":{"line":6,"column":30},"end":{"line":6,"column":34}}]},"1":{"loc":{"start":{"line":7,"column":18},"end":{"line":7,"column":50}},"type":"binary-expr","locations":[{"start":{"line":7,"column":18},"end":{"line":7,"column":44}},{"start":{"line":7,"column":48},"end":{"line":7,"column":50}}]},"2":{"loc":{"start":{"line":8,"column":17},"end":{"line":8,"column":60}},"type":"binary-expr","locations":[{"start":{"line":8,"column":17},"end":{"line":8,"column":41}},{"start":{"line":8,"column":45},"end":{"line":8,"column":60}}]},"3":{"loc":{"start":{"line":11,"column":0},"end":{"line":13,"column":1}},"type":"if","locations":[{"start":{"line":11,"column":0},"end":{"line":13,"column":1}},{"start":{},"end":{}}]}},"s":{"0":0,"1":0,"2":0,"3":0},"f":{},"b":{"0":[0,0],"1":[0,0],"2":[0,0],"3":[0,0]}}
,"/Users/olivergranda/Desktop/prueba-tecnica/src/infrastructure/ai/GeminiServiceAgent.ts": {"path":"/Users/olivergranda/Desktop/prueba-tecnica/src/infrastructure/ai/GeminiServiceAgent.ts","statementMap":{"0":{"start":{"line":19,"column":8},"end":{"line":19,"column":46}},"1":{"start":{"line":23,"column":8},"end":{"line":23,"column":39}},"2":{"start":{"line":24,"column":8},"end":{"line":24,"column":35}},"3":{"start":{"line":28,"column":29},"end":{"line":28,"column":58}},"4":{"start":{"line":29,"column":36},"end":{"line":29,"column":74}},"5":{"start":{"line":31,"column":8},"end":{"line":94,"column":9}},"6":{"start":{"line":32,"column":35},"end":{"line":32,"column":330}},"7":{"start":{"line":34,"column":37},"end":{"line":37,"column":14}},"8":{"start":{"line":39,"column":31},"end":{"line":39,"column":67}},"9":{"start":{"line":41,"column":12},"end":{"line":41,"column":97}},"10":{"start":{"line":44,"column":12},"end":{"line":49,"column":13}},"11":{"start":{"line":45,"column":16},"end":{"line":45,"column":52}},"12":{"start":{"line":48,"column":16},"end":{"line":48,"column":49}},"13":{"start":{"line":51,"column":12},"end":{"line":51,"column":56}},"14":{"start":{"line":53,"column":31},"end":{"line":53,"column":33}},"15":{"start":{"line":55,"column":12},"end":{"line":70,"column":13}},"16":{"start":{"line":57,"column":20},"end":{"line":57,"column":94}},"17":{"start":{"line":58,"column":20},"end":{"line":58,"column":26}},"18":{"start":{"line":61,"column":20},"end":{"line":61,"column":82}},"19":{"start":{"line":62,"column":20},"end":{"line":62,"column":26}},"20":{"start":{"line":65,"column":20},"end":{"line":65,"column":77}},"21":{"start":{"line":66,"column":20},"end":{"line":66,"column":26}},"22":{"start":{"line":69,"column":20},"end":{"line":69,"column":26}},"23":{"start":{"line":72,"column":32},"end":{"line":77,"column":null}},"24":{"start":{"line":80,"column":34},"end":{"line":83,"column":14}},"25":{"start":{"line":85,"column":31},"end":{"line":85,"column":128}},"26":{"start":{"line":87,"column":12},"end":{"line":87,"column":60}},"27":{"start":{"line":89,"column":12},"end":{"line":89,"column":32}},"28":{"start":{"line":92,"column":12},"end":{"line":92,"column":66}},"29":{"start":{"line":93,"column":12},"end":{"line":93,"column":75}},"30":{"start":{"line":99,"column":22},"end":{"line":99,"column":57}},"31":{"start":{"line":101,"column":8},"end":{"line":111,"column":24}},"32":{"start":{"line":104,"column":30},"end":{"line":104,"column":48}},"33":{"start":{"line":105,"column":16},"end":{"line":109,"column":53}},"34":{"start":{"line":113,"column":8},"end":{"line":118,"column":9}},"35":{"start":{"line":114,"column":26},"end":{"line":114,"column":53}},"36":{"start":{"line":115,"column":12},"end":{"line":117,"column":13}},"37":{"start":{"line":116,"column":16},"end":{"line":116,"column":35}},"38":{"start":{"line":120,"column":8},"end":{"line":120,"column":38}},"39":{"start":{"line":124,"column":8},"end":{"line":126,"column":9}},"40":{"start":{"line":125,"column":12},"end":{"line":125,"column":59}},"41":{"start":{"line":128,"column":8},"end":{"line":153,"column":9}},"42":{"start":{"line":129,"column":29},"end":{"line":129,"column":61}},"43":{"start":{"line":131,"column":35},"end":{"line":131,"column":43}},"44":{"start":{"line":132,"column":12},"end":{"line":138,"column":13}},"45":{"start":{"line":133,"column":29},"end":{"line":133,"column":53}},"46":{"start":{"line":134,"column":16},"end":{"line":137,"column":18}},"47":{"start":{"line":135,"column":20},"end":{"line":136,"column":62}},"48":{"start":{"line":140,"column":12},"end":{"line":150,"column":24}},"49":{"start":{"line":143,"column":53},"end":{"line":149,"column":18}},"50":{"start":{"line":152,"column":12},"end":{"line":152,"column":37}},"51":{"start":{"line":157,"column":8},"end":{"line":159,"column":9}},"52":{"start":{"line":158,"column":12},"end":{"line":158,"column":57}},"53":{"start":{"line":161,"column":8},"end":{"line":195,"column":9}},"54":{"start":{"line":162,"column":12},"end":{"line":164,"column":13}},"55":{"start":{"line":163,"column":16},"end":{"line":163,"column":69}},"56":{"start":{"line":166,"column":12},"end":{"line":174,"column":13}},"57":{"start":{"line":167,"column":32},"end":{"line":167,"column":79}},"58":{"start":{"line":168,"column":16},"end":{"line":170,"column":17}},"59":{"start":{"line":169,"column":20},"end":{"line":169,"column":80}},"60":{"start":{"line":171,"column":16},"end":{"line":173,"column":17}},"61":{"start":{"line":172,"column":20},"end":{"line":172,"column":136}},"62":{"start":{"line":176,"column":26},"end":{"line":176,"column":64}},"63":{"start":{"line":178,"column":12},"end":{"line":192,"column":24}},"64":{"start":{"line":186,"column":52},"end":{"line":190,"column":22}},"65":{"start":{"line":194,"column":12},"end":{"line":194,"column":92}},"66":{"start":{"line":199,"column":21},"end":{"line":232,"column":10}},"67":{"start":{"line":234,"column":27},"end":{"line":234,"column":46}},"68":{"start":{"line":235,"column":28},"end":{"line":243,"column":null}},"69":{"start":{"line":236,"column":12},"end":{"line":242,"column":null}},"70":{"start":{"line":239,"column":16},"end":{"line":241,"column":null}},"71":{"start":{"line":246,"column":8},"end":{"line":249,"column":20}},"72":{"start":{"line":259,"column":21},"end":{"line":267,"column":2}},"73":{"start":{"line":269,"column":8},"end":{"line":272,"column":9}},"74":{"start":{"line":270,"column":12},"end":{"line":270,"column":68}},"75":{"start":{"line":271,"column":12},"end":{"line":271,"column":219}},"76":{"start":{"line":274,"column":8},"end":{"line":274,"column":118}},"77":{"start":{"line":276,"column":8},"end":{"line":276,"column":22}},"78":{"start":{"line":280,"column":8},"end":{"line":326,"column":123}},"79":{"start":{"line":330,"column":8},"end":{"line":332,"column":9}},"80":{"start":{"line":331,"column":12},"end":{"line":331,"column":22}},"81":{"start":{"line":334,"column":8},"end":{"line":339,"column":24}},"82":{"start":{"line":336,"column":29},"end":{"line":336,"column":74}},"83":{"start":{"line":337,"column":16},"end":{"line":337,"column":49}}},"fnMap":{"0":{"name":"(anonymous_0)","decl":{"start":{"line":18,"column":4},"end":{"line":18,"column":16}},"loc":{"start":{"line":18,"column":30},"end":{"line":20,"column":5}}},"1":{"name":"(anonymous_1)","decl":{"start":{"line":22,"column":4},"end":{"line":22,"column":19}},"loc":{"start":{"line":22,"column":80},"end":{"line":25,"column":5}}},"2":{"name":"(anonymous_2)","decl":{"start":{"line":27,"column":4},"end":{"line":27,"column":9}},"loc":{"start":{"line":27,"column":68},"end":{"line":95,"column":5}}},"3":{"name":"(anonymous_3)","decl":{"start":{"line":97,"column":12},"end":{"line":97,"column":25}},"loc":{"start":{"line":97,"column":38},"end":{"line":121,"column":5}}},"4":{"name":"(anonymous_4)","decl":{"start":{"line":103,"column":20},"end":{"line":103,"column":24}},"loc":{"start":{"line":103,"column":27},"end":{"line":110,"column":13}}},"5":{"name":"(anonymous_5)","decl":{"start":{"line":123,"column":12},"end":{"line":123,"column":17}},"loc":{"start":{"line":123,"column":56},"end":{"line":154,"column":5}}},"6":{"name":"(anonymous_6)","decl":{"start":{"line":134,"column":51},"end":{"line":134,"column":52}},"loc":{"start":{"line":135,"column":20},"end":{"line":136,"column":62}}},"7":{"name":"(anonymous_7)","decl":{"start":{"line":143,"column":47},"end":{"line":143,"column":48}},"loc":{"start":{"line":143,"column":53},"end":{"line":149,"column":18}}},"8":{"name":"(anonymous_8)","decl":{"start":{"line":156,"column":12},"end":{"line":156,"column":17}},"loc":{"start":{"line":156,"column":51},"end":{"line":196,"column":5}}},"9":{"name":"(anonymous_9)","decl":{"start":{"line":186,"column":43},"end":{"line":186,"column":47}},"loc":{"start":{"line":186,"column":52},"end":{"line":190,"column":22}}},"10":{"name":"(anonymous_10)","decl":{"start":{"line":198,"column":12},"end":{"line":198,"column":17}},"loc":{"start":{"line":198,"column":49},"end":{"line":250,"column":5}}},"11":{"name":"(anonymous_11)","decl":{"start":{"line":235,"column":40},"end":{"line":235,"column":43}},"loc":{"start":{"line":236,"column":12},"end":{"line":242,"column":null}}},"12":{"name":"(anonymous_12)","decl":{"start":{"line":238,"column":39},"end":{"line":238,"column":43}},"loc":{"start":{"line":239,"column":16},"end":{"line":241,"column":null}}},"13":{"name":"(anonymous_13)","decl":{"start":{"line":252,"column":12},"end":{"line":252,"column":28}},"loc":{"start":{"line":257,"column":28},"end":{"line":277,"column":5}}},"14":{"name":"(anonymous_14)","decl":{"start":{"line":279,"column":12},"end":{"line":279,"column":34}},"loc":{"start":{"line":279,"column":34},"end":{"line":327,"column":5}}},"15":{"name":"(anonymous_15)","decl":{"start":{"line":329,"column":12},"end":{"line":329,"column":36}},"loc":{"start":{"line":329,"column":57},"end":{"line":340,"column":5}}},"16":{"name":"(anonymous_16)","decl":{"start":{"line":335,"column":17},"end":{"line":335,"column":18}},"loc":{"start":{"line":335,"column":25},"end":{"line":338,"column":13}}}},"branchMap":{"0":{"loc":{"start":{"line":39,"column":32},"end":{"line":39,"column":59}},"type":"binary-expr","locations":[{"start":{"line":39,"column":32},"end":{"line":39,"column":53}},{"start":{"line":39,"column":57},"end":{"line":39,"column":59}}]},"1":{"loc":{"start":{"line":55,"column":12},"end":{"line":70,"column":13}},"type":"switch","locations":[{"start":{"line":56,"column":16},"end":{"line":58,"column":26}},{"start":{"line":60,"column":16},"end":{"line":62,"column":26}},{"start":{"line":64,"column":16},"end":{"line":66,"column":26}},{"start":{"line":68,"column":16},"end":{"line":69,"column":26}}]},"2":{"loc":{"start":{"line":85,"column":31},"end":{"line":85,"column":128}},"type":"binary-expr","locations":[{"start":{"line":85,"column":31},"end":{"line":85,"column":49}},{"start":{"line":85,"column":53},"end":{"line":85,"column":128}}]},"3":{"loc":{"start":{"line":105,"column":23},"end":{"line":109,"column":52}},"type":"binary-expr","locations":[{"start":{"line":105,"column":23},"end":{"line":105,"column":51}},{"start":{"line":106,"column":23},"end":{"line":106,"column":50}},{"start":{"line":107,"column":23},"end":{"line":107,"column":50}},{"start":{"line":108,"column":23},"end":{"line":108,"column":52}},{"start":{"line":109,"column":23},"end":{"line":109,"column":52}}]},"4":{"loc":{"start":{"line":113,"column":8},"end":{"line":118,"column":9}},"type":"if","locations":[{"start":{"line":113,"column":8},"end":{"line":118,"column":9}},{"start":{},"end":{}}]},"5":{"loc":{"start":{"line":115,"column":12},"end":{"line":117,"column":13}},"type":"if","locations":[{"start":{"line":115,"column":12},"end":{"line":117,"column":13}},{"start":{},"end":{}}]},"6":{"loc":{"start":{"line":115,"column":16},"end":{"line":115,"column":33}},"type":"binary-expr","locations":[{"start":{"line":115,"column":16},"end":{"line":115,"column":21}},{"start":{"line":115,"column":25},"end":{"line":115,"column":33}}]},"7":{"loc":{"start":{"line":120,"column":15},"end":{"line":120,"column":37}},"type":"binary-expr","locations":[{"start":{"line":120,"column":15},"end":{"line":120,"column":29}},{"start":{"line":120,"column":33},"end":{"line":120,"column":37}}]},"8":{"loc":{"start":{"line":124,"column":8},"end":{"line":126,"column":9}},"type":"if","locations":[{"start":{"line":124,"column":8},"end":{"line":126,"column":9}},{"start":{},"end":{}}]},"9":{"loc":{"start":{"line":132,"column":12},"end":{"line":138,"column":13}},"type":"if","locations":[{"start":{"line":132,"column":12},"end":{"line":138,"column":13}},{"start":{},"end":{}}]},"10":{"loc":{"start":{"line":135,"column":20},"end":{"line":136,"column":62}},"type":"binary-expr","locations":[{"start":{"line":135,"column":20},"end":{"line":135,"column":55}},{"start":{"line":136,"column":20},"end":{"line":136,"column":62}}]},"11":{"loc":{"start":{"line":157,"column":8},"end":{"line":159,"column":9}},"type":"if","locations":[{"start":{"line":157,"column":8},"end":{"line":159,"column":9}},{"start":{},"end":{}}]},"12":{"loc":{"start":{"line":157,"column":12},"end":{"line":157,"column":48}},"type":"binary-expr","locations":[{"start":{"line":157,"column":12},"end":{"line":157,"column":27}},{"start":{"line":157,"column":31},"end":{"line":157,"column":48}}]},"13":{"loc":{"start":{"line":162,"column":12},"end":{"line":164,"column":13}},"type":"if","locations":[{"start":{"line":162,"column":12},"end":{"line":164,"column":13}},{"start":{},"end":{}}]},"14":{"loc":{"start":{"line":162,"column":16},"end":{"line":162,"column":131}},"type":"binary-expr","locations":[{"start":{"line":162,"column":16},"end":{"line":162,"column":26}},{"start":{"line":162,"column":30},"end":{"line":162,"column":53}},{"start":{"line":162,"column":57},"end":{"line":162,"column":81}},{"start":{"line":162,"column":85},"end":{"line":162,"column":111}},{"start":{"line":162,"column":115},"end":{"line":162,"column":131}}]},"15":{"loc":{"start":{"line":168,"column":16},"end":{"line":170,"column":17}},"type":"if","locations":[{"start":{"line":168,"column":16},"end":{"line":170,"column":17}},{"start":{},"end":{}}]},"16":{"loc":{"start":{"line":171,"column":16},"end":{"line":173,"column":17}},"type":"if","locations":[{"start":{"line":171,"column":16},"end":{"line":173,"column":17}},{"start":{},"end":{}}]},"17":{"loc":{"start":{"line":194,"column":29},"end":{"line":194,"column":89}},"type":"cond-expr","locations":[{"start":{"line":194,"column":54},"end":{"line":194,"column":67}},{"start":{"line":194,"column":70},"end":{"line":194,"column":89}}]},"18":{"loc":{"start":{"line":236,"column":12},"end":{"line":242,"column":null}},"type":"binary-expr","locations":[{"start":{"line":236,"column":12},"end":{"line":236,"column":59}},{"start":{"line":237,"column":12},"end":{"line":237,"column":57}},{"start":{"line":238,"column":12},"end":{"line":242,"column":null}}]},"19":{"loc":{"start":{"line":239,"column":16},"end":{"line":241,"column":null}},"type":"binary-expr","locations":[{"start":{"line":239,"column":16},"end":{"line":239,"column":31}},{"start":{"line":240,"column":20},"end":{"line":240,"column":61}},{"start":{"line":241,"column":20},"end":{"line":241,"column":59}}]},"20":{"loc":{"start":{"line":269,"column":8},"end":{"line":272,"column":9}},"type":"if","locations":[{"start":{"line":269,"column":8},"end":{"line":272,"column":9}},{"start":{},"end":{}}]},"21":{"loc":{"start":{"line":269,"column":12},"end":{"line":269,"column":57}},"type":"binary-expr","locations":[{"start":{"line":269,"column":12},"end":{"line":269,"column":41}},{"start":{"line":269,"column":45},"end":{"line":269,"column":57}}]},"22":{"loc":{"start":{"line":330,"column":8},"end":{"line":332,"column":9}},"type":"if","locations":[{"start":{"line":330,"column":8},"end":{"line":332,"column":9}},{"start":{},"end":{}}]},"23":{"loc":{"start":{"line":336,"column":29},"end":{"line":336,"column":74}},"type":"cond-expr","locations":[{"start":{"line":336,"column":51},"end":{"line":336,"column":60}},{"start":{"line":336,"column":63},"end":{"line":336,"column":74}}]}},"s":{"0":0,"1":0,"2":0,"3":0,"4":0,"5":0,"6":0,"7":0,"8":0,"9":0,"10":0,"11":0,"12":0,"13":0,"14":0,"15":0,"16":0,"17":0,"18":0,"19":0,"20":0,"21":0,"22":0,"23":0,"24":0,"25":0,"26":0,"27":0,"28":0,"29":0,"30":0,"31":0,"32":0,"33":0,"34":0,"35":0,"36":0,"37":0,"38":0,"39":0,"40":0,"41":0,"42":0,"43":0,"44":0,"45":0,"46":0,"47":0,"48":0,"49":0,"50":0,"51":0,"52":0,"53":0,"54":0,"55":0,"56":0,"57":0,"58":0,"59":0,"60":0,"61":0,"62":0,"63":0,"64":0,"65":0,"66":0,"67":0,"68":0,"69":0,"70":0,"71":0,"72":0,"73":0,"74":0,"75":0,"76":0,"77":0,"78":0,"79":0,"80":0,"81":0,"82":0,"83":0},"f":{"0":0,"1":0,"2":0,"3":0,"4":0,"5":0,"6":0,"7":0,"8":0,"9":0,"10":0,"11":0,"12":0,"13":0,"14":0,"15":0,"16":0},"b":{"0":[0,0],"1":[0,0,0,0],"2":[0,0],"3":[0,0,0,0,0],"4":[0,0],"5":[0,0],"6":[0,0],"7":[0,0],"8":[0,0],"9":[0,0],"10":[0,0],"11":[0,0],"12":[0,0],"13":[0,0],"14":[0,0,0,0,0],"15":[0,0],"16":[0,0],"17":[0,0],"18":[0,0,0],"19":[0,0,0],"20":[0,0],"21":[0,0],"22":[0,0],"23":[0,0]}}
,"/Users/olivergranda/Desktop/prueba-tecnica/src/infrastructure/database/ConversationRepository.ts": {"path":"/Users/olivergranda/Desktop/prueba-tecnica/src/infrastructure/database/ConversationRepository.ts","statementMap":{"0":{"start":{"line":11,"column":8},"end":{"line":17,"column":11}},"1":{"start":{"line":21,"column":25},"end":{"line":25,"column":10}},"2":{"start":{"line":27,"column":8},"end":{"line":30,"column":6}},"3":{"start":{"line":27,"column":46},"end":{"line":30,"column":4}},"4":{"start":{"line":34,"column":24},"end":{"line":34,"column":60}},"5":{"start":{"line":35,"column":8},"end":{"line":38,"column":10}}},"fnMap":{"0":{"name":"(anonymous_0)","decl":{"start":{"line":6,"column":4},"end":{"line":6,"column":9}},"loc":{"start":{"line":9,"column":34},"end":{"line":18,"column":5}}},"1":{"name":"(anonymous_1)","decl":{"start":{"line":20,"column":4},"end":{"line":20,"column":9}},"loc":{"start":{"line":20,"column":58},"end":{"line":31,"column":1}}},"2":{"name":"(anonymous_2)","decl":{"start":{"line":27,"column":38},"end":{"line":27,"column":41}},"loc":{"start":{"line":27,"column":46},"end":{"line":30,"column":4}}},"3":{"name":"(anonymous_3)","decl":{"start":{"line":33,"column":4},"end":{"line":33,"column":9}},"loc":{"start":{"line":33,"column":38},"end":{"line":39,"column":5}}}},"branchMap":{"0":{"loc":{"start":{"line":20,"column":40},"end":{"line":20,"column":58}},"type":"default-arg","locations":[{"start":{"line":20,"column":56},"end":{"line":20,"column":58}}]}},"s":{"0":0,"1":0,"2":0,"3":0,"4":0,"5":0},"f":{"0":0,"1":0,"2":0,"3":0},"b":{"0":[0]}}
,"/Users/olivergranda/Desktop/prueba-tecnica/src/infrastructure/database/OrderRepository.ts": {"path":"/Users/olivergranda/Desktop/prueba-tecnica/src/infrastructure/database/OrderRepository.ts","statementMap":{"0":{"start":{"line":9,"column":2},"end":{"line":76,"column":5}},"1":{"start":{"line":10,"column":22},"end":{"line":10,"column":23}},"2":{"start":{"line":11,"column":27},"end":{"line":11,"column":29}},"3":{"start":{"line":13,"column":4},"end":{"line":42,"column":5}},"4":{"start":{"line":15,"column":22},"end":{"line":17,"column":8}},"5":{"start":{"line":19,"column":6},"end":{"line":21,"column":7}},"6":{"start":{"line":20,"column":8},"end":{"line":20,"column":71}},"7":{"start":{"line":24,"column":6},"end":{"line":26,"column":7}},"8":{"start":{"line":25,"column":8},"end":{"line":25,"column":75}},"9":{"start":{"line":28,"column":24},"end":{"line":28,"column":53}},"10":{"start":{"line":29,"column":6},"end":{"line":29,"column":31}},"11":{"start":{"line":31,"column":6},"end":{"line":35,"column":9}},"12":{"start":{"line":38,"column":6},"end":{"line":41,"column":9}},"13":{"start":{"line":45,"column":18},"end":{"line":62,"column":6}},"14":{"start":{"line":64,"column":4},"end":{"line":75,"column":6}},"15":{"start":{"line":71,"column":40},"end":{"line":74,"column":8}},"16":{"start":{"line":80,"column":22},"end":{"line":89,"column":10}},"17":{"start":{"line":91,"column":8},"end":{"line":91,"column":32}},"18":{"start":{"line":91,"column":20},"end":{"line":91,"column":32}},"19":{"start":{"line":93,"column":8},"end":{"line":104,"column":10}},"20":{"start":{"line":100,"column":46},"end":{"line":103,"column":14}}},"fnMap":{"0":{"name":"(anonymous_0)","decl":{"start":{"line":7,"column":4},"end":{"line":7,"column":9}},"loc":{"start":{"line":7,"column":42},"end":{"line":77,"column":1}}},"1":{"name":"(anonymous_1)","decl":{"start":{"line":9,"column":35},"end":{"line":9,"column":40}},"loc":{"start":{"line":9,"column":48},"end":{"line":76,"column":3}}},"2":{"name":"(anonymous_2)","decl":{"start":{"line":71,"column":29},"end":{"line":71,"column":30}},"loc":{"start":{"line":71,"column":40},"end":{"line":74,"column":8}}},"3":{"name":"(anonymous_3)","decl":{"start":{"line":79,"column":4},"end":{"line":79,"column":9}},"loc":{"start":{"line":79,"column":29},"end":{"line":105,"column":5}}},"4":{"name":"(anonymous_4)","decl":{"start":{"line":100,"column":35},"end":{"line":100,"column":36}},"loc":{"start":{"line":100,"column":46},"end":{"line":103,"column":14}}}},"branchMap":{"0":{"loc":{"start":{"line":19,"column":6},"end":{"line":21,"column":7}},"type":"if","locations":[{"start":{"line":19,"column":6},"end":{"line":21,"column":7}},{"start":{},"end":{}}]},"1":{"loc":{"start":{"line":24,"column":6},"end":{"line":26,"column":7}},"type":"if","locations":[{"start":{"line":24,"column":6},"end":{"line":26,"column":7}},{"start":{},"end":{}}]},"2":{"loc":{"start":{"line":91,"column":8},"end":{"line":91,"column":32}},"type":"if","locations":[{"start":{"line":91,"column":8},"end":{"line":91,"column":32}},{"start":{},"end":{}}]}},"s":{"0":0,"1":0,"2":0,"3":0,"4":0,"5":0,"6":0,"7":0,"8":0,"9":0,"10":0,"11":0,"12":0,"13":0,"14":0,"15":0,"16":0,"17":0,"18":0,"19":0,"20":0},"f":{"0":0,"1":0,"2":0,"3":0,"4":0},"b":{"0":[0,0],"1":[0,0],"2":[0,0]}}
,"/Users/olivergranda/Desktop/prueba-tecnica/src/infrastructure/database/ProductRepository.ts": {"path":"/Users/olivergranda/Desktop/prueba-tecnica/src/infrastructure/database/ProductRepository.ts","statementMap":{"0":{"start":{"line":8,"column":8},"end":{"line":8,"column":47}},"1":{"start":{"line":12,"column":8},"end":{"line":14,"column":11}},"2":{"start":{"line":18,"column":8},"end":{"line":24,"column":11}},"3":{"start":{"line":28,"column":8},"end":{"line":31,"column":11}}},"fnMap":{"0":{"name":"(anonymous_0)","decl":{"start":{"line":7,"column":4},"end":{"line":7,"column":9}},"loc":{"start":{"line":7,"column":17},"end":{"line":9,"column":5}}},"1":{"name":"(anonymous_1)","decl":{"start":{"line":11,"column":4},"end":{"line":11,"column":9}},"loc":{"start":{"line":11,"column":29},"end":{"line":15,"column":5}}},"2":{"name":"(anonymous_2)","decl":{"start":{"line":17,"column":4},"end":{"line":17,"column":9}},"loc":{"start":{"line":17,"column":33},"end":{"line":25,"column":5}}},"3":{"name":"(anonymous_3)","decl":{"start":{"line":27,"column":4},"end":{"line":27,"column":9}},"loc":{"start":{"line":27,"column":57},"end":{"line":32,"column":5}}}},"branchMap":{},"s":{"0":0,"1":0,"2":0,"3":0},"f":{"0":0,"1":0,"2":0,"3":0},"b":{}}
,"/Users/olivergranda/Desktop/prueba-tecnica/src/infrastructure/database/prisma-client.ts": {"path":"/Users/olivergranda/Desktop/prueba-tecnica/src/infrastructure/database/prisma-client.ts","statementMap":{"0":{"start":{"line":3,"column":22},"end":{"line":3,"column":40}}},"fnMap":{},"branchMap":{},"s":{"0":0},"f":{},"b":{}}
,"/Users/olivergranda/Desktop/prueba-tecnica/src/infrastructure/http/controllers/ChatController.ts": {"path":"/Users/olivergranda/Desktop/prueba-tecnica/src/infrastructure/http/controllers/ChatController.ts","statementMap":{"0":{"start":{"line":6,"column":24},"end":{"line":6,"column":68}},"1":{"start":{"line":9,"column":8},"end":{"line":31,"column":9}},"2":{"start":{"line":10,"column":43},"end":{"line":10,"column":51}},"3":{"start":{"line":12,"column":12},"end":{"line":17,"column":13}},"4":{"start":{"line":13,"column":16},"end":{"line":15,"column":19}},"5":{"start":{"line":16,"column":16},"end":{"line":16,"column":23}},"6":{"start":{"line":19,"column":29},"end":{"line":19,"column":89}},"7":{"start":{"line":21,"column":12},"end":{"line":24,"column":15}},"8":{"start":{"line":26,"column":12},"end":{"line":26,"column":61}},"9":{"start":{"line":27,"column":12},"end":{"line":30,"column":15}}},"fnMap":{"0":{"name":"(anonymous_0)","decl":{"start":{"line":6,"column":4},"end":{"line":6,"column":24}},"loc":{"start":{"line":6,"column":68},"end":{"line":6,"column":73}}},"1":{"name":"(anonymous_1)","decl":{"start":{"line":8,"column":4},"end":{"line":8,"column":9}},"loc":{"start":{"line":8,"column":49},"end":{"line":32,"column":5}}}},"branchMap":{"0":{"loc":{"start":{"line":12,"column":12},"end":{"line":17,"column":13}},"type":"if","locations":[{"start":{"line":12,"column":12},"end":{"line":17,"column":13}},{"start":{},"end":{}}]},"1":{"loc":{"start":{"line":12,"column":16},"end":{"line":12,"column":38}},"type":"binary-expr","locations":[{"start":{"line":12,"column":16},"end":{"line":12,"column":26}},{"start":{"line":12,"column":30},"end":{"line":12,"column":38}}]},"2":{"loc":{"start":{"line":29,"column":25},"end":{"line":29,"column":81}},"type":"cond-expr","locations":[{"start":{"line":29,"column":50},"end":{"line":29,"column":63}},{"start":{"line":29,"column":66},"end":{"line":29,"column":81}}]}},"s":{"0":0,"1":0,"2":0,"3":0,"4":0,"5":0,"6":0,"7":0,"8":0,"9":0},"f":{"0":0,"1":0},"b":{"0":[0,0],"1":[0,0],"2":[0,0]}}
,"/Users/olivergranda/Desktop/prueba-tecnica/src/infrastructure/http/controllers/OrderController.ts": {"path":"/Users/olivergranda/Desktop/prueba-tecnica/src/infrastructure/http/controllers/OrderController.ts","statementMap":{"0":{"start":{"line":5,"column":24},"end":{"line":5,"column":62}},"1":{"start":{"line":8,"column":8},"end":{"line":36,"column":9}},"2":{"start":{"line":9,"column":76},"end":{"line":9,"column":84}},"3":{"start":{"line":11,"column":12},"end":{"line":16,"column":13}},"4":{"start":{"line":12,"column":16},"end":{"line":14,"column":19}},"5":{"start":{"line":15,"column":16},"end":{"line":15,"column":23}},"6":{"start":{"line":18,"column":26},"end":{"line":23,"column":14}},"7":{"start":{"line":25,"column":12},"end":{"line":29,"column":15}},"8":{"start":{"line":31,"column":12},"end":{"line":31,"column":62}},"9":{"start":{"line":32,"column":12},"end":{"line":35,"column":15}}},"fnMap":{"0":{"name":"(anonymous_0)","decl":{"start":{"line":5,"column":4},"end":{"line":5,"column":24}},"loc":{"start":{"line":5,"column":62},"end":{"line":5,"column":67}}},"1":{"name":"(anonymous_1)","decl":{"start":{"line":7,"column":4},"end":{"line":7,"column":9}},"loc":{"start":{"line":7,"column":49},"end":{"line":37,"column":5}}}},"branchMap":{"0":{"loc":{"start":{"line":11,"column":12},"end":{"line":16,"column":13}},"type":"if","locations":[{"start":{"line":11,"column":12},"end":{"line":16,"column":13}},{"start":{},"end":{}}]},"1":{"loc":{"start":{"line":11,"column":16},"end":{"line":11,"column":77}},"type":"binary-expr","locations":[{"start":{"line":11,"column":16},"end":{"line":11,"column":29}},{"start":{"line":11,"column":33},"end":{"line":11,"column":47}},{"start":{"line":11,"column":51},"end":{"line":11,"column":67}},{"start":{"line":11,"column":71},"end":{"line":11,"column":77}}]},"2":{"loc":{"start":{"line":34,"column":25},"end":{"line":34,"column":81}},"type":"cond-expr","locations":[{"start":{"line":34,"column":50},"end":{"line":34,"column":63}},{"start":{"line":34,"column":66},"end":{"line":34,"column":81}}]}},"s":{"0":0,"1":0,"2":0,"3":0,"4":0,"5":0,"6":0,"7":0,"8":0,"9":0},"f":{"0":0,"1":0},"b":{"0":[0,0],"1":[0,0,0,0],"2":[0,0]}}
,"/Users/olivergranda/Desktop/prueba-tecnica/src/infrastructure/http/controllers/ProductController.ts": {"path":"/Users/olivergranda/Desktop/prueba-tecnica/src/infrastructure/http/controllers/ProductController.ts","statementMap":{"0":{"start":{"line":5,"column":24},"end":{"line":5,"column":62}},"1":{"start":{"line":8,"column":8},"end":{"line":19,"column":9}},"2":{"start":{"line":9,"column":29},"end":{"line":9,"column":68}},"3":{"start":{"line":10,"column":12},"end":{"line":13,"column":15}},"4":{"start":{"line":15,"column":12},"end":{"line":15,"column":64}},"5":{"start":{"line":16,"column":12},"end":{"line":18,"column":15}},"6":{"start":{"line":23,"column":8},"end":{"line":43,"column":9}},"7":{"start":{"line":24,"column":23},"end":{"line":24,"column":53}},"8":{"start":{"line":25,"column":28},"end":{"line":25,"column":73}},"9":{"start":{"line":27,"column":12},"end":{"line":32,"column":13}},"10":{"start":{"line":28,"column":16},"end":{"line":30,"column":19}},"11":{"start":{"line":31,"column":16},"end":{"line":31,"column":23}},"12":{"start":{"line":34,"column":12},"end":{"line":37,"column":15}},"13":{"start":{"line":39,"column":12},"end":{"line":39,"column":64}},"14":{"start":{"line":40,"column":12},"end":{"line":42,"column":15}}},"fnMap":{"0":{"name":"(anonymous_0)","decl":{"start":{"line":5,"column":4},"end":{"line":5,"column":24}},"loc":{"start":{"line":5,"column":62},"end":{"line":5,"column":67}}},"1":{"name":"(anonymous_1)","decl":{"start":{"line":7,"column":4},"end":{"line":7,"column":9}},"loc":{"start":{"line":7,"column":52},"end":{"line":20,"column":5}}},"2":{"name":"(anonymous_2)","decl":{"start":{"line":22,"column":4},"end":{"line":22,"column":9}},"loc":{"start":{"line":22,"column":52},"end":{"line":44,"column":5}}}},"branchMap":{"0":{"loc":{"start":{"line":24,"column":32},"end":{"line":24,"column":52}},"type":"binary-expr","locations":[{"start":{"line":24,"column":32},"end":{"line":24,"column":45}},{"start":{"line":24,"column":49},"end":{"line":24,"column":52}}]},"1":{"loc":{"start":{"line":27,"column":12},"end":{"line":32,"column":13}},"type":"if","locations":[{"start":{"line":27,"column":12},"end":{"line":32,"column":13}},{"start":{},"end":{}}]}},"s":{"0":0,"1":0,"2":0,"3":0,"4":0,"5":0,"6":0,"7":0,"8":0,"9":0,"10":0,"11":0,"12":0,"13":0,"14":0},"f":{"0":0,"1":0,"2":0},"b":{"0":[0,0],"1":[0,0]}}
,"/Users/olivergranda/Desktop/prueba-tecnica/src/infrastructure/http/routes/index.ts": {"path":"/Users/olivergranda/Desktop/prueba-tecnica/src/infrastructure/http/routes/index.ts","statementMap":{"0":{"start":{"line":12,"column":19},"end":{"line":12,"column":27}},"1":{"start":{"line":14,"column":4},"end":{"line":16,"column":7}},"2":{"start":{"line":15,"column":8},"end":{"line":15,"column":70}},"3":{"start":{"line":18,"column":4},"end":{"line":18,"column":85}},"4":{"start":{"line":18,"column":47},"end":{"line":18,"column":83}},"5":{"start":{"line":20,"column":4},"end":{"line":20,"column":86}},"6":{"start":{"line":20,"column":42},"end":{"line":20,"column":84}},"7":{"start":{"line":21,"column":4},"end":{"line":21,"column":90}},"8":{"start":{"line":21,"column":46},"end":{"line":21,"column":88}},"9":{"start":{"line":23,"column":4},"end":{"line":23,"column":80}},"10":{"start":{"line":23,"column":41},"end":{"line":23,"column":78}},"11":{"start":{"line":25,"column":4},"end":{"line":25,"column":18}}},"fnMap":{"0":{"name":"createRoutes","decl":{"start":{"line":7,"column":16},"end":{"line":7,"column":28}},"loc":{"start":{"line":10,"column":36},"end":{"line":26,"column":1}}},"1":{"name":"(anonymous_1)","decl":{"start":{"line":14,"column":26},"end":{"line":14,"column":27}},"loc":{"start":{"line":14,"column":39},"end":{"line":16,"column":5}}},"2":{"name":"(anonymous_2)","decl":{"start":{"line":18,"column":33},"end":{"line":18,"column":34}},"loc":{"start":{"line":18,"column":47},"end":{"line":18,"column":83}}},"3":{"name":"(anonymous_3)","decl":{"start":{"line":20,"column":28},"end":{"line":20,"column":29}},"loc":{"start":{"line":20,"column":42},"end":{"line":20,"column":84}}},"4":{"name":"(anonymous_4)","decl":{"start":{"line":21,"column":32},"end":{"line":21,"column":33}},"loc":{"start":{"line":21,"column":46},"end":{"line":21,"column":88}}},"5":{"name":"(anonymous_5)","decl":{"start":{"line":23,"column":27},"end":{"line":23,"column":28}},"loc":{"start":{"line":23,"column":41},"end":{"line":23,"column":78}}}},"branchMap":{},"s":{"0":0,"1":0,"2":0,"3":0,"4":0,"5":0,"6":0,"7":0,"8":0,"9":0,"10":0,"11":0},"f":{"0":0,"1":0,"2":0,"3":0,"4":0,"5":0},"b":{}}
,"/Users/olivergranda/Desktop/prueba-tecnica/src/infrastructure/vectordb/ChromaDBService.ts": {"path":"/Users/olivergranda/Desktop/prueba-tecnica/src/infrastructure/vectordb/ChromaDBService.ts","statementMap":{"0":{"start":{"line":14,"column":29},"end":{"line":14,"column":46}},"1":{"start":{"line":17,"column":8},"end":{"line":17,"column":61}},"2":{"start":{"line":18,"column":8},"end":{"line":18,"column":60}},"3":{"start":{"line":22,"column":8},"end":{"line":31,"column":9}},"4":{"start":{"line":23,"column":12},"end":{"line":26,"column":15}},"5":{"start":{"line":27,"column":12},"end":{"line":27,"column":86}},"6":{"start":{"line":29,"column":12},"end":{"line":29,"column":65}},"7":{"start":{"line":30,"column":12},"end":{"line":30,"column":24}},"8":{"start":{"line":44,"column":26},"end":{"line":47,"column":10}},"9":{"start":{"line":45,"column":25},"end":{"line":45,"column":61}},"10":{"start":{"line":46,"column":12},"end":{"line":46,"column":44}},"11":{"start":{"line":49,"column":8},"end":{"line":49,"column":25}},"12":{"start":{"line":53,"column":19},"end":{"line":53,"column":20}},"13":{"start":{"line":54,"column":8},"end":{"line":58,"column":9}},"14":{"start":{"line":54,"column":21},"end":{"line":54,"column":22}},"15":{"start":{"line":55,"column":25},"end":{"line":55,"column":42}},"16":{"start":{"line":56,"column":12},"end":{"line":56,"column":47}},"17":{"start":{"line":57,"column":12},"end":{"line":57,"column":31}},"18":{"start":{"line":59,"column":8},"end":{"line":59,"column":30}},"19":{"start":{"line":66,"column":8},"end":{"line":68,"column":9}},"20":{"start":{"line":67,"column":12},"end":{"line":67,"column":58}},"21":{"start":{"line":70,"column":8},"end":{"line":105,"column":9}},"22":{"start":{"line":71,"column":12},"end":{"line":71,"column":75}},"23":{"start":{"line":73,"column":34},"end":{"line":73,"column":36}},"24":{"start":{"line":74,"column":43},"end":{"line":74,"column":45}},"25":{"start":{"line":75,"column":40},"end":{"line":75,"column":42}},"26":{"start":{"line":76,"column":37},"end":{"line":76,"column":39}},"27":{"start":{"line":78,"column":12},"end":{"line":92,"column":13}},"28":{"start":{"line":78,"column":25},"end":{"line":78,"column":26}},"29":{"start":{"line":79,"column":28},"end":{"line":79,"column":35}},"30":{"start":{"line":80,"column":16},"end":{"line":80,"column":35}},"31":{"start":{"line":80,"column":26},"end":{"line":80,"column":35}},"32":{"start":{"line":82,"column":37},"end":{"line":82,"column":68}},"33":{"start":{"line":84,"column":16},"end":{"line":84,"column":37}},"34":{"start":{"line":85,"column":16},"end":{"line":85,"column":76}},"35":{"start":{"line":86,"column":16},"end":{"line":86,"column":45}},"36":{"start":{"line":87,"column":16},"end":{"line":91,"column":19}},"37":{"start":{"line":94,"column":12},"end":{"line":99,"column":15}},"38":{"start":{"line":101,"column":12},"end":{"line":101,"column":69}},"39":{"start":{"line":103,"column":12},"end":{"line":103,"column":56}},"40":{"start":{"line":104,"column":12},"end":{"line":104,"column":24}},"41":{"start":{"line":112,"column":8},"end":{"line":114,"column":9}},"42":{"start":{"line":113,"column":12},"end":{"line":113,"column":58}},"43":{"start":{"line":116,"column":8},"end":{"line":136,"column":9}},"44":{"start":{"line":117,"column":35},"end":{"line":117,"column":70}},"45":{"start":{"line":119,"column":28},"end":{"line":122,"column":14}},"46":{"start":{"line":124,"column":12},"end":{"line":126,"column":13}},"47":{"start":{"line":125,"column":16},"end":{"line":125,"column":26}},"48":{"start":{"line":128,"column":12},"end":{"line":132,"column":16}},"49":{"start":{"line":128,"column":64},"end":{"line":132,"column":14}},"50":{"start":{"line":134,"column":12},"end":{"line":134,"column":58}},"51":{"start":{"line":135,"column":12},"end":{"line":135,"column":22}},"52":{"start":{"line":143,"column":8},"end":{"line":150,"column":9}},"53":{"start":{"line":144,"column":12},"end":{"line":149,"column":13}},"54":{"start":{"line":145,"column":16},"end":{"line":145,"column":82}},"55":{"start":{"line":146,"column":16},"end":{"line":146,"column":79}},"56":{"start":{"line":148,"column":16},"end":{"line":148,"column":67}}},"fnMap":{"0":{"name":"(anonymous_0)","decl":{"start":{"line":16,"column":4},"end":{"line":16,"column":16}},"loc":{"start":{"line":16,"column":82},"end":{"line":19,"column":5}}},"1":{"name":"(anonymous_1)","decl":{"start":{"line":21,"column":4},"end":{"line":21,"column":9}},"loc":{"start":{"line":21,"column":20},"end":{"line":32,"column":5}}},"2":{"name":"(anonymous_2)","decl":{"start":{"line":38,"column":12},"end":{"line":38,"column":17}},"loc":{"start":{"line":38,"column":48},"end":{"line":50,"column":5}}},"3":{"name":"(anonymous_3)","decl":{"start":{"line":44,"column":54},"end":{"line":44,"column":55}},"loc":{"start":{"line":44,"column":63},"end":{"line":47,"column":9}}},"4":{"name":"(anonymous_4)","decl":{"start":{"line":52,"column":12},"end":{"line":52,"column":22}},"loc":{"start":{"line":52,"column":34},"end":{"line":60,"column":5}}},"5":{"name":"(anonymous_5)","decl":{"start":{"line":65,"column":4},"end":{"line":65,"column":9}},"loc":{"start":{"line":65,"column":30},"end":{"line":106,"column":5}}},"6":{"name":"(anonymous_6)","decl":{"start":{"line":111,"column":4},"end":{"line":111,"column":9}},"loc":{"start":{"line":111,"column":53},"end":{"line":137,"column":5}}},"7":{"name":"(anonymous_7)","decl":{"start":{"line":128,"column":44},"end":{"line":128,"column":45}},"loc":{"start":{"line":128,"column":64},"end":{"line":132,"column":14}}},"8":{"name":"(anonymous_8)","decl":{"start":{"line":142,"column":4},"end":{"line":142,"column":9}},"loc":{"start":{"line":142,"column":25},"end":{"line":151,"column":5}}}},"branchMap":{"0":{"loc":{"start":{"line":16,"column":38},"end":{"line":16,"column":82}},"type":"default-arg","locations":[{"start":{"line":16,"column":59},"end":{"line":16,"column":82}}]},"1":{"loc":{"start":{"line":66,"column":8},"end":{"line":68,"column":9}},"type":"if","locations":[{"start":{"line":66,"column":8},"end":{"line":68,"column":9}},{"start":{},"end":{}}]},"2":{"loc":{"start":{"line":80,"column":16},"end":{"line":80,"column":35}},"type":"if","locations":[{"start":{"line":80,"column":16},"end":{"line":80,"column":35}},{"start":{},"end":{}}]},"3":{"loc":{"start":{"line":90,"column":30},"end":{"line":90,"column":55}},"type":"binary-expr","locations":[{"start":{"line":90,"column":30},"end":{"line":90,"column":42}},{"start":{"line":90,"column":46},"end":{"line":90,"column":55}}]},"4":{"loc":{"start":{"line":111,"column":36},"end":{"line":111,"column":53}},"type":"default-arg","locations":[{"start":{"line":111,"column":52},"end":{"line":111,"column":53}}]},"5":{"loc":{"start":{"line":112,"column":8},"end":{"line":114,"column":9}},"type":"if","locations":[{"start":{"line":112,"column":8},"end":{"line":114,"column":9}},{"start":{},"end":{}}]},"6":{"loc":{"start":{"line":124,"column":12},"end":{"line":126,"column":13}},"type":"if","locations":[{"start":{"line":124,"column":12},"end":{"line":126,"column":13}},{"start":{},"end":{}}]},"7":{"loc":{"start":{"line":124,"column":16},"end":{"line":124,"column":59}},"type":"binary-expr","locations":[{"start":{"line":124,"column":16},"end":{"line":124,"column":34}},{"start":{"line":124,"column":38},"end":{"line":124,"column":59}}]},"8":{"loc":{"start":{"line":143,"column":8},"end":{"line":150,"column":9}},"type":"if","locations":[{"start":{"line":143,"column":8},"end":{"line":150,"column":9}},{"start":{},"end":{}}]}},"s":{"0":0,"1":0,"2":0,"3":0,"4":0,"5":0,"6":0,"7":0,"8":0,"9":0,"10":0,"11":0,"12":0,"13":0,"14":0,"15":0,"16":0,"17":0,"18":0,"19":0,"20":0,"21":0,"22":0,"23":0,"24":0,"25":0,"26":0,"27":0,"28":0,"29":0,"30":0,"31":0,"32":0,"33":0,"34":0,"35":0,"36":0,"37":0,"38":0,"39":0,"40":0,"41":0,"42":0,"43":0,"44":0,"45":0,"46":0,"47":0,"48":0,"49":0,"50":0,"51":0,"52":0,"53":0,"54":0,"55":0,"56":0},"f":{"0":0,"1":0,"2":0,"3":0,"4":0,"5":0,"6":0,"7":0,"8":0},"b":{"0":[0],"1":[0,0],"2":[0,0],"3":[0,0],"4":[0],"5":[0,0],"6":[0,0],"7":[0,0],"8":[0,0]}}
,"/Users/olivergranda/Desktop/prueba-tecnica/src/utils/AppError.ts": {"path":"/Users/olivergranda/Desktop/prueba-tecnica/src/utils/AppError.ts","statementMap":{"0":{"start":{"line":6,"column":8},"end":{"line":6,"column":23}},"1":{"start":{"line":7,"column":8},"end":{"line":7,"column":37}},"2":{"start":{"line":8,"column":8},"end":{"line":8,"column":34}},"3":{"start":{"line":10,"column":8},"end":{"line":10,"column":56}}},"fnMap":{"0":{"name":"(anonymous_0)","decl":{"start":{"line":5,"column":4},"end":{"line":5,"column":16}},"loc":{"start":{"line":5,"column":51},"end":{"line":11,"column":5}}}},"branchMap":{},"s":{"0":0,"1":0,"2":0,"3":0},"f":{"0":0},"b":{}}
,"/Users/olivergranda/Desktop/prueba-tecnica/src/utils/errorHandler.ts": {"path":"/Users/olivergranda/Desktop/prueba-tecnica/src/utils/errorHandler.ts","statementMap":{"0":{"start":{"line":4,"column":28},"end":{"line":23,"column":1}},"1":{"start":{"line":10,"column":4},"end":{"line":15,"column":5}},"2":{"start":{"line":11,"column":8},"end":{"line":14,"column":11}},"3":{"start":{"line":17,"column":4},"end":{"line":17,"column":36}},"4":{"start":{"line":19,"column":4},"end":{"line":22,"column":7}}},"fnMap":{"0":{"name":"(anonymous_0)","decl":{"start":{"line":4,"column":28},"end":{"line":4,"column":null}},"loc":{"start":{"line":9,"column":4},"end":{"line":23,"column":1}}}},"branchMap":{"0":{"loc":{"start":{"line":10,"column":4},"end":{"line":15,"column":5}},"type":"if","locations":[{"start":{"line":10,"column":4},"end":{"line":15,"column":5}},{"start":{},"end":{}}]}},"s":{"0":0,"1":0,"2":0,"3":0,"4":0},"f":{"0":0},"b":{"0":[0,0]}}
,"/Users/olivergranda/Desktop/prueba-tecnica/src/utils/validators.ts": {"path":"/Users/olivergranda/Desktop/prueba-tecnica/src/utils/validators.ts","statementMap":{"0":{"start":{"line":1,"column":28},"end":{"line":5,"column":1}},"1":{"start":{"line":3,"column":23},"end":{"line":3,"column":41}},"2":{"start":{"line":4,"column":4},"end":{"line":4,"column":53}},"3":{"start":{"line":7,"column":28},"end":{"line":10,"column":1}},"4":{"start":{"line":8,"column":23},"end":{"line":8,"column":51}},"5":{"start":{"line":9,"column":4},"end":{"line":9,"column":34}},"6":{"start":{"line":12,"column":23},"end":{"line":19,"column":1}},"7":{"start":{"line":13,"column":4},"end":{"line":18,"column":6}}},"fnMap":{"0":{"name":"(anonymous_0)","decl":{"start":{"line":1,"column":28},"end":{"line":1,"column":29}},"loc":{"start":{"line":1,"column":55},"end":{"line":5,"column":1}}},"1":{"name":"(anonymous_1)","decl":{"start":{"line":7,"column":28},"end":{"line":7,"column":29}},"loc":{"start":{"line":7,"column":55},"end":{"line":10,"column":1}}},"2":{"name":"(anonymous_2)","decl":{"start":{"line":12,"column":23},"end":{"line":12,"column":24}},"loc":{"start":{"line":12,"column":47},"end":{"line":19,"column":1}}}},"branchMap":{"0":{"loc":{"start":{"line":14,"column":8},"end":{"line":17,"column":64}},"type":"binary-expr","locations":[{"start":{"line":14,"column":8},"end":{"line":14,"column":27}},{"start":{"line":15,"column":8},"end":{"line":15,"column":22}},{"start":{"line":16,"column":9},"end":{"line":16,"column":34}},{"start":{"line":16,"column":38},"end":{"line":16,"column":69}},{"start":{"line":17,"column":9},"end":{"line":17,"column":34}},{"start":{"line":17,"column":38},"end":{"line":17,"column":63}}]}},"s":{"0":0,"1":0,"2":0,"3":0,"4":0,"5":0,"6":0,"7":0},"f":{"0":0,"1":0,"2":0},"b":{"0":[0,0,0,0,0,0]}}
}
